[0m07:54:10.463346 [debug] [MainThread]: Sending event: {'category': 'dbt', 'action': 'invocation', 'label': 'start', 'context': [<snowplow_tracker.self_describing_json.SelfDescribingJson object at 0x7fe74a49de80>, <snowplow_tracker.self_describing_json.SelfDescribingJson object at 0x7fe749e8d8b0>, <snowplow_tracker.self_describing_json.SelfDescribingJson object at 0x7fe74a7ef7a0>]}


============================== 07:54:10.471765 | 188e03d9-5950-4181-b7ad-0410b39dbe7a ==============================
[0m07:54:10.471765 [info ] [MainThread]: Running with dbt=1.10.8
[0m07:54:10.473779 [debug] [MainThread]: running dbt with arguments {'printer_width': '80', 'indirect_selection': 'eager', 'write_json': 'True', 'log_cache_events': 'False', 'partial_parse': 'True', 'cache_selected_only': 'False', 'profiles_dir': '/home/airflow/.dbt', 'fail_fast': 'False', 'debug': 'False', 'log_path': 'logs', 'version_check': 'True', 'warn_error': 'None', 'use_colors': 'True', 'use_experimental_parser': 'False', 'no_print': 'None', 'quiet': 'False', 'empty': 'None', 'warn_error_options': 'WarnErrorOptionsV2(error=[], warn=[], silence=[])', 'introspect': 'True', 'invocation_command': 'dbt init dbt_projects', 'log_format': 'default', 'target_path': 'None', 'static_parser': 'True', 'send_anonymous_usage_stats': 'True'}
[0m07:54:10.491304 [info ] [MainThread]: Creating dbt configuration folder at /home/airflow/.dbt
[0m07:54:10.500419 [debug] [MainThread]: Starter project path: /home/airflow/.local/lib/python3.12/site-packages/dbt/include/starter_project
[0m07:54:10.652218 [info ] [MainThread]: 
Your new dbt project "dbt_projects" was created!

For more information on how to configure the profiles.yml file,
please consult the dbt documentation here:

  https://docs.getdbt.com/docs/configure-your-profile

One more thing:

Need help? Don't hesitate to reach out to us via GitHub issues or on Slack:

  https://community.getdbt.com/

Happy modeling!

[0m07:54:10.653889 [info ] [MainThread]: Setting up your profile.
[0m07:59:10.622886 [info ] [MainThread]: Profile dbt_projects written to /home/airflow/.dbt/profiles.yml using target's profile_template.yml and your supplied values. Run 'dbt debug' to validate the connection.
[0m07:59:10.633239 [debug] [MainThread]: Resource report: {"command_name": "init", "command_success": true, "command_wall_clock_time": 300.27884, "process_in_blocks": "175224", "process_kernel_time": 1.908742, "process_mem_max_rss": "397276", "process_out_blocks": "9792", "process_user_time": 5.293487}
[0m07:59:10.638795 [debug] [MainThread]: Command `dbt init` succeeded at 07:59:10.638472 after 300.29 seconds
[0m07:59:10.641626 [debug] [MainThread]: Sending event: {'category': 'dbt', 'action': 'invocation', 'label': 'end', 'context': [<snowplow_tracker.self_describing_json.SelfDescribingJson object at 0x7fe74a49de80>, <snowplow_tracker.self_describing_json.SelfDescribingJson object at 0x7fe7222f5280>, <snowplow_tracker.self_describing_json.SelfDescribingJson object at 0x7fe722367260>]}
[0m07:59:10.645077 [debug] [MainThread]: Flushing usage events
[0m07:59:12.504856 [debug] [MainThread]: An error was encountered while trying to flush usage events
[0m07:59:42.919322 [debug] [MainThread]: Sending event: {'category': 'dbt', 'action': 'invocation', 'label': 'start', 'context': [<snowplow_tracker.self_describing_json.SelfDescribingJson object at 0x7f9d2a81dd60>, <snowplow_tracker.self_describing_json.SelfDescribingJson object at 0x7f9d28f770b0>, <snowplow_tracker.self_describing_json.SelfDescribingJson object at 0x7f9d286d9ee0>]}


============================== 07:59:42.929624 | f1c85c29-c055-4b76-a09e-ff261aacbdb3 ==============================
[0m07:59:42.929624 [info ] [MainThread]: Running with dbt=1.10.8
[0m07:59:42.932723 [debug] [MainThread]: running dbt with arguments {'printer_width': '80', 'indirect_selection': 'eager', 'write_json': 'True', 'log_cache_events': 'False', 'partial_parse': 'True', 'cache_selected_only': 'False', 'profiles_dir': '/home/airflow/.dbt', 'fail_fast': 'False', 'warn_error': 'None', 'log_path': 'logs', 'debug': 'False', 'version_check': 'True', 'use_colors': 'True', 'use_experimental_parser': 'False', 'no_print': 'None', 'quiet': 'False', 'empty': 'None', 'log_format': 'default', 'introspect': 'True', 'warn_error_options': 'WarnErrorOptionsV2(error=[], warn=[], silence=[])', 'invocation_command': 'dbt debug', 'target_path': 'None', 'static_parser': 'True', 'send_anonymous_usage_stats': 'True'}
[0m07:59:42.971546 [info ] [MainThread]: dbt version: 1.10.8
[0m07:59:42.973823 [info ] [MainThread]: python version: 3.12.4
[0m07:59:42.975676 [info ] [MainThread]: python path: /home/airflow/.local/bin/python
[0m07:59:42.977465 [info ] [MainThread]: os info: Linux-5.15.167.4-microsoft-standard-WSL2-x86_64-with-glibc2.36
[0m07:59:46.035538 [info ] [MainThread]: Using profiles dir at /home/airflow/.dbt
[0m07:59:46.038123 [info ] [MainThread]: Using profiles.yml file at /home/airflow/.dbt/profiles.yml
[0m07:59:46.040280 [info ] [MainThread]: Using dbt_project.yml file at /opt/airflow/dbt/dbt_project.yml
[0m07:59:46.042230 [info ] [MainThread]: adapter type: bigquery
[0m07:59:46.044751 [info ] [MainThread]: adapter version: 1.10.3
[0m07:59:46.047800 [info ] [MainThread]: Configuration:
[0m07:59:46.051980 [info ] [MainThread]:   profiles.yml file [[32mOK found and valid[0m]
[0m07:59:46.057381 [info ] [MainThread]:   dbt_project.yml file [[31mERROR not found[0m]
[0m07:59:46.059551 [info ] [MainThread]: Required dependencies:
[0m07:59:46.061608 [debug] [MainThread]: Executing "git --help"
[0m07:59:46.065892 [info ] [MainThread]:  - git [[31mERROR[0m]

[0m07:59:46.071818 [info ] [MainThread]: Connection:
[0m07:59:46.074349 [info ] [MainThread]:   method: service-account
[0m07:59:46.076781 [info ] [MainThread]:   database: jcdeah-007
[0m07:59:46.078923 [info ] [MainThread]:   execution_project: jcdeah-007
[0m07:59:46.081191 [info ] [MainThread]:   schema: final_project_shieranjuvi
[0m07:59:46.085424 [info ] [MainThread]:   location: US
[0m07:59:46.088231 [info ] [MainThread]:   priority: interactive
[0m07:59:46.090540 [info ] [MainThread]:   maximum_bytes_billed: None
[0m07:59:46.092565 [info ] [MainThread]:   impersonate_service_account: None
[0m07:59:46.094786 [info ] [MainThread]:   job_retry_deadline_seconds: None
[0m07:59:46.097053 [info ] [MainThread]:   job_retries: 1
[0m07:59:46.098860 [info ] [MainThread]:   job_creation_timeout_seconds: None
[0m07:59:46.103546 [info ] [MainThread]:   job_execution_timeout_seconds: 300
[0m07:59:46.105884 [info ] [MainThread]:   timeout_seconds: 300
[0m07:59:46.108189 [info ] [MainThread]:   client_id: None
[0m07:59:46.110079 [info ] [MainThread]:   token_uri: None
[0m07:59:46.112302 [info ] [MainThread]:   compute_region: None
[0m07:59:46.114032 [info ] [MainThread]:   dataproc_cluster_name: None
[0m07:59:46.116170 [info ] [MainThread]:   gcs_bucket: None
[0m07:59:46.119830 [info ] [MainThread]:   dataproc_batch: None
[0m07:59:46.122414 [info ] [MainThread]: Registered adapter: bigquery=1.10.3
[0m07:59:46.389392 [debug] [MainThread]: Acquiring new bigquery connection 'debug'
[0m07:59:46.392188 [debug] [MainThread]: On debug: select 1 as id
[0m07:59:46.394884 [debug] [MainThread]: Opening a new connection, currently in state init
[0m07:59:47.621516 [debug] [MainThread]: BigQuery adapter: https://console.cloud.google.com/bigquery?project=jcdeah-007&j=bq:US:935d83d4-cdeb-44b6-8850-150c53248873&page=queryresults
[0m07:59:48.650895 [info ] [MainThread]:   Connection test: [[32mOK connection ok[0m]

[0m07:59:48.653413 [info ] [MainThread]: [31m2 checks failed:[0m
[0m07:59:48.655168 [info ] [MainThread]: Project loading failed for the following reason:
 project path </opt/airflow/dbt/dbt_project.yml> not found

[0m07:59:48.656539 [info ] [MainThread]: Error from git --help: User does not have permissions for this command: "git"

[0m07:59:48.660213 [debug] [MainThread]: Resource report: {"command_name": "debug", "command_success": false, "command_wall_clock_time": 5.8315516, "process_in_blocks": "2240", "process_kernel_time": 1.34687, "process_mem_max_rss": "407780", "process_out_blocks": "8", "process_user_time": 5.30707}
[0m07:59:48.663459 [debug] [MainThread]: Command `dbt debug` failed at 07:59:48.663140 after 5.84 seconds
[0m07:59:48.665663 [debug] [MainThread]: Connection 'debug' was properly closed.
[0m07:59:48.668658 [debug] [MainThread]: Sending event: {'category': 'dbt', 'action': 'invocation', 'label': 'end', 'context': [<snowplow_tracker.self_describing_json.SelfDescribingJson object at 0x7f9d272425a0>, <snowplow_tracker.self_describing_json.SelfDescribingJson object at 0x7f9cfe4073e0>, <snowplow_tracker.self_describing_json.SelfDescribingJson object at 0x7f9cfe92fd70>]}
[0m07:59:48.672663 [debug] [MainThread]: Flushing usage events
[0m07:59:49.876725 [debug] [MainThread]: An error was encountered while trying to flush usage events
[0m08:00:33.693837 [debug] [MainThread]: Sending event: {'category': 'dbt', 'action': 'invocation', 'label': 'start', 'context': [<snowplow_tracker.self_describing_json.SelfDescribingJson object at 0x7fdf4f6d1b50>, <snowplow_tracker.self_describing_json.SelfDescribingJson object at 0x7fdf4dc3cda0>, <snowplow_tracker.self_describing_json.SelfDescribingJson object at 0x7fdf4d27b0b0>]}


============================== 08:00:33.702867 | c4805fd0-7412-4bf0-945c-24c25f47e12b ==============================
[0m08:00:33.702867 [info ] [MainThread]: Running with dbt=1.10.8
[0m08:00:33.704990 [debug] [MainThread]: running dbt with arguments {'printer_width': '80', 'indirect_selection': 'eager', 'write_json': 'True', 'log_cache_events': 'False', 'partial_parse': 'True', 'cache_selected_only': 'False', 'warn_error': 'None', 'fail_fast': 'False', 'profiles_dir': '/home/airflow/.dbt', 'log_path': 'logs', 'version_check': 'True', 'debug': 'False', 'use_colors': 'True', 'use_experimental_parser': 'False', 'empty': 'None', 'quiet': 'False', 'no_print': 'None', 'log_format': 'default', 'static_parser': 'True', 'warn_error_options': 'WarnErrorOptionsV2(error=[], warn=[], silence=[])', 'invocation_command': 'dbt debug', 'target_path': 'None', 'introspect': 'True', 'send_anonymous_usage_stats': 'True'}
[0m08:00:33.716327 [info ] [MainThread]: dbt version: 1.10.8
[0m08:00:33.718437 [info ] [MainThread]: python version: 3.12.4
[0m08:00:33.721232 [info ] [MainThread]: python path: /home/airflow/.local/bin/python
[0m08:00:33.723306 [info ] [MainThread]: os info: Linux-5.15.167.4-microsoft-standard-WSL2-x86_64-with-glibc2.36
[0m08:00:36.668838 [info ] [MainThread]: Using profiles dir at /home/airflow/.dbt
[0m08:00:36.671656 [info ] [MainThread]: Using profiles.yml file at /home/airflow/.dbt/profiles.yml
[0m08:00:36.673804 [info ] [MainThread]: Using dbt_project.yml file at /opt/airflow/dbt/dbt_project.yml
[0m08:00:36.675748 [info ] [MainThread]: adapter type: bigquery
[0m08:00:36.677386 [info ] [MainThread]: adapter version: 1.10.3
[0m08:00:36.679761 [info ] [MainThread]: Configuration:
[0m08:00:36.681871 [info ] [MainThread]:   profiles.yml file [[32mOK found and valid[0m]
[0m08:00:36.685816 [info ] [MainThread]:   dbt_project.yml file [[31mERROR not found[0m]
[0m08:00:36.688319 [info ] [MainThread]: Required dependencies:
[0m08:00:36.690554 [debug] [MainThread]: Executing "git --help"
[0m08:00:36.693861 [info ] [MainThread]:  - git [[31mERROR[0m]

[0m08:00:36.695916 [info ] [MainThread]: Connection:
[0m08:00:36.700496 [info ] [MainThread]:   method: service-account
[0m08:00:36.702701 [info ] [MainThread]:   database: jcdeah-007
[0m08:00:36.704499 [info ] [MainThread]:   execution_project: jcdeah-007
[0m08:00:36.706943 [info ] [MainThread]:   schema: final_project_shieranjuvi
[0m08:00:36.709051 [info ] [MainThread]:   location: US
[0m08:00:36.710989 [info ] [MainThread]:   priority: interactive
[0m08:00:36.715690 [info ] [MainThread]:   maximum_bytes_billed: None
[0m08:00:36.717649 [info ] [MainThread]:   impersonate_service_account: None
[0m08:00:36.719766 [info ] [MainThread]:   job_retry_deadline_seconds: None
[0m08:00:36.722166 [info ] [MainThread]:   job_retries: 1
[0m08:00:36.724119 [info ] [MainThread]:   job_creation_timeout_seconds: None
[0m08:00:36.726453 [info ] [MainThread]:   job_execution_timeout_seconds: 300
[0m08:00:36.728245 [info ] [MainThread]:   timeout_seconds: 300
[0m08:00:36.732014 [info ] [MainThread]:   client_id: None
[0m08:00:36.735383 [info ] [MainThread]:   token_uri: None
[0m08:00:36.737956 [info ] [MainThread]:   compute_region: None
[0m08:00:36.740586 [info ] [MainThread]:   dataproc_cluster_name: None
[0m08:00:36.742873 [info ] [MainThread]:   gcs_bucket: None
[0m08:00:36.745105 [info ] [MainThread]:   dataproc_batch: None
[0m08:00:36.749450 [info ] [MainThread]: Registered adapter: bigquery=1.10.3
[0m08:00:36.946524 [debug] [MainThread]: Acquiring new bigquery connection 'debug'
[0m08:00:36.949110 [debug] [MainThread]: On debug: select 1 as id
[0m08:00:36.951542 [debug] [MainThread]: Opening a new connection, currently in state init
[0m08:00:38.625344 [debug] [MainThread]: BigQuery adapter: https://console.cloud.google.com/bigquery?project=jcdeah-007&j=bq:US:f8857fea-0c4b-432f-a7a8-ac80e9e85fe5&page=queryresults
[0m08:00:39.411167 [info ] [MainThread]:   Connection test: [[32mOK connection ok[0m]

[0m08:00:39.414981 [info ] [MainThread]: [31m2 checks failed:[0m
[0m08:00:39.417416 [info ] [MainThread]: Project loading failed for the following reason:
 project path </opt/airflow/dbt/dbt_project.yml> not found

[0m08:00:39.419641 [info ] [MainThread]: Error from git --help: User does not have permissions for this command: "git"

[0m08:00:39.422975 [debug] [MainThread]: Resource report: {"command_name": "debug", "command_success": false, "command_wall_clock_time": 5.815015, "process_in_blocks": "0", "process_kernel_time": 1.301781, "process_mem_max_rss": "405988", "process_out_blocks": "0", "process_user_time": 5.277219}
[0m08:00:39.425712 [debug] [MainThread]: Command `dbt debug` failed at 08:00:39.425340 after 5.82 seconds
[0m08:00:39.427867 [debug] [MainThread]: Connection 'debug' was properly closed.
[0m08:00:39.430909 [debug] [MainThread]: Sending event: {'category': 'dbt', 'action': 'invocation', 'label': 'end', 'context': [<snowplow_tracker.self_describing_json.SelfDescribingJson object at 0x7fdf4d9caa20>, <snowplow_tracker.self_describing_json.SelfDescribingJson object at 0x7fdf24ac2630>, <snowplow_tracker.self_describing_json.SelfDescribingJson object at 0x7fdf24afe120>]}
[0m08:00:39.433638 [debug] [MainThread]: Flushing usage events
[0m08:00:40.770502 [debug] [MainThread]: An error was encountered while trying to flush usage events
[0m13:18:42.324257 [debug] [MainThread]: Sending event: {'category': 'dbt', 'action': 'invocation', 'label': 'start', 'context': [<snowplow_tracker.self_describing_json.SelfDescribingJson object at 0x7f7f85cb3cb0>, <snowplow_tracker.self_describing_json.SelfDescribingJson object at 0x7f7f865c5820>, <snowplow_tracker.self_describing_json.SelfDescribingJson object at 0x7f7f865c5ca0>]}


============================== 13:18:42.340350 | 187f682a-d59c-40c3-aa07-e77a0d0cfe1f ==============================
[0m13:18:42.340350 [info ] [MainThread]: Running with dbt=1.10.8
[0m13:18:42.344875 [debug] [MainThread]: running dbt with arguments {'printer_width': '80', 'indirect_selection': 'eager', 'write_json': 'True', 'log_cache_events': 'False', 'partial_parse': 'True', 'cache_selected_only': 'False', 'warn_error': 'None', 'fail_fast': 'False', 'debug': 'False', 'log_path': 'logs', 'version_check': 'True', 'profiles_dir': '/home/airflow/.dbt', 'use_colors': 'True', 'use_experimental_parser': 'False', 'empty': 'False', 'quiet': 'False', 'no_print': 'None', 'log_format': 'default', 'static_parser': 'True', 'invocation_command': 'dbt compile --select prep_customers', 'warn_error_options': 'WarnErrorOptionsV2(error=[], warn=[], silence=[])', 'target_path': 'None', 'introspect': 'True', 'send_anonymous_usage_stats': 'True'}
[0m13:18:42.347819 [error] [MainThread]: Encountered an error:
Runtime Error
  No dbt_project.yml found at expected path /opt/airflow/dbt/dbt_project.yml
  Verify that each entry within packages.yml (and their transitive dependencies) contains a file named dbt_project.yml
  
[0m13:18:42.353852 [debug] [MainThread]: Resource report: {"command_name": "compile", "command_success": false, "command_wall_clock_time": 0.16414025, "process_in_blocks": "0", "process_kernel_time": 0.807434, "process_mem_max_rss": "107368", "process_out_blocks": "0", "process_user_time": 2.920721}
[0m13:18:42.356960 [debug] [MainThread]: Command `dbt compile` failed at 13:18:42.356649 after 0.17 seconds
[0m13:18:42.360334 [debug] [MainThread]: Sending event: {'category': 'dbt', 'action': 'invocation', 'label': 'end', 'context': [<snowplow_tracker.self_describing_json.SelfDescribingJson object at 0x7f7f864acb30>, <snowplow_tracker.self_describing_json.SelfDescribingJson object at 0x7f7f865c5820>, <snowplow_tracker.self_describing_json.SelfDescribingJson object at 0x7f7f865c5ca0>]}
[0m13:18:42.362984 [debug] [MainThread]: Flushing usage events
[0m13:18:44.029661 [debug] [MainThread]: An error was encountered while trying to flush usage events
